c:\adsfinalproject5\stringmatching\release\vc140.pdb
c:\adsfinalproject5\stringmatching\release\windowsstopwatch.obj
c:\adsfinalproject5\stringmatching\release\requirement1.obj
c:\adsfinalproject5\stringmatching\release\testaho.obj
c:\adsfinalproject5\release\stringmatching.pdb
c:\adsfinalproject5\stringmatching\release\stringmatching.tlog\cl.command.1.tlog
c:\adsfinalproject5\stringmatching\release\stringmatching.tlog\cl.read.1.tlog
c:\adsfinalproject5\stringmatching\release\stringmatching.tlog\cl.write.1.tlog
c:\adsfinalproject5\stringmatching\release\stringmatching.tlog\link-vctip.delete.1.tlog
c:\adsfinalproject5\stringmatching\release\stringmatching.tlog\link-vctip.delete.110.tlog
c:\adsfinalproject5\stringmatching\release\stringmatching.tlog\link-vctip.delete.119.tlog
c:\adsfinalproject5\stringmatching\release\stringmatching.tlog\link-vctip.delete.131.tlog
c:\adsfinalproject5\stringmatching\release\stringmatching.tlog\link-vctip.delete.138.tlog
c:\adsfinalproject5\stringmatching\release\stringmatching.tlog\link-vctip.delete.19.tlog
c:\adsfinalproject5\stringmatching\release\stringmatching.tlog\link-vctip.delete.194.tlog
c:\adsfinalproject5\stringmatching\release\stringmatching.tlog\link-vctip.delete.21.tlog
c:\adsfinalproject5\stringmatching\release\stringmatching.tlog\link-vctip.delete.219.tlog
c:\adsfinalproject5\stringmatching\release\stringmatching.tlog\link-vctip.delete.233.tlog
c:\adsfinalproject5\stringmatching\release\stringmatching.tlog\link-vctip.delete.262.tlog
c:\adsfinalproject5\stringmatching\release\stringmatching.tlog\link-vctip.delete.52.tlog
c:\adsfinalproject5\stringmatching\release\stringmatching.tlog\link-vctip.delete.54.tlog
c:\adsfinalproject5\stringmatching\release\stringmatching.tlog\link-vctip.delete.6.tlog
c:\adsfinalproject5\stringmatching\release\stringmatching.tlog\link-vctip.delete.80.tlog
c:\adsfinalproject5\stringmatching\release\stringmatching.tlog\link-vctip.delete.89.tlog
c:\adsfinalproject5\stringmatching\release\stringmatching.tlog\link-vctip.delete.98.tlog
c:\adsfinalproject5\stringmatching\release\stringmatching.tlog\link-vctip.read.110.tlog
c:\adsfinalproject5\stringmatching\release\stringmatching.tlog\link-vctip.read.138.tlog
c:\adsfinalproject5\stringmatching\release\stringmatching.tlog\link-vctip.read.52.tlog
c:\adsfinalproject5\stringmatching\release\stringmatching.tlog\link-vctip.read.80.tlog
c:\adsfinalproject5\stringmatching\release\stringmatching.tlog\link-vctip.write.110.tlog
c:\adsfinalproject5\stringmatching\release\stringmatching.tlog\link-vctip.write.138.tlog
c:\adsfinalproject5\stringmatching\release\stringmatching.tlog\link-vctip.write.52.tlog
c:\adsfinalproject5\stringmatching\release\stringmatching.tlog\link-vctip.write.80.tlog
c:\adsfinalproject5\stringmatching\release\stringmatching.tlog\link.command.1.tlog
c:\adsfinalproject5\stringmatching\release\stringmatching.tlog\link.read.1.tlog
c:\adsfinalproject5\stringmatching\release\stringmatching.tlog\link.write.1.tlog
